644059297 110
642985991 100
638158937 90
277449146 80
525229824 80
645574312 80
646104151 80
646187362 80
646174470 80
643066000 80
646279584 80
642153013 80
643583836 80
643453218 80
646124941 71
85424165 65
644143040 63
264394656 60
521572543 60
646025220 60
646027123 60
646024988 60
645735972 60
645509842 60
640829194 60
644960591 60
646231861 60
645491386 60
646102507 60
641774995 60
646231283 60
646037231 60
646156481 60
645724172 60
645509891 60
646313795 60
645621454 60
646121076 60
646108705 60
645250945 60
645285091 60
644528371 60
641003534 60
643990410 60
643506804 60
644595617 60
644404547 60
643409854 60
643572993 60
643439590 60
643381478 60
644026377 60
644199813 60
643025071 60
643650805 60
643515876 60
642794792 60
644838007 60
642077995 60
643558011 60
641505796 60
642012929 58
640052334 56
644543448 56
644405801 55
644618956 52
644317375 52
640361557 51
644238350 51
644408200 51
644866869 51
644349490 51
644455577 50
644863628 50
644253445 50
644884938 50
644688689 50
644468420 50
644917299 50
644642650 50
644569984 50
644800796 50
644904909 50
644521154 50
644363763 50
644875864 50
644411312 50
644735836 50
644749524 50
644489475 46
644568169 45
644503042 45
644064788 44
644295328 44
640735911 43
644466098 42
644349836 41
573435640 40
646158956 40
345736039 40
643456781 40
645564136 40
602675068 40
344601083 40
559935336 40
295161680 40
337455049 40
643901149 40
501977703 40
556435264 40
526394935 40
640435960 40
525306319 40
345714879 40
346379319 40
346601220 40
349476999 40
349441208 40
335269398 40
287661650 40
523300383 40
520556928 40
520536607 40
112711154 40
335956895 40
645827877 40
646152873 40
645285145 40
645660994 40
645692967 40
639742444 40
641555469 40
645636642 40
645550181 40
645559772 40
645883522 40
646077294 40
646030808 40
646161261 40
646123430 40
646258544 40
645922182 40
646036903 40
643949903 40
645869332 40
638580593 40
645829884 40
645973302 40
640894099 40
641730068 40
643351986 40
644242992 40
644655255 40
644664683 40
639986548 40
646224940 40
646020089 40
645372061 40
640912660 40
644133409 40
645621128 40
646113764 40
645911173 40
645593725 40
645502468 40
646169558 40
646086550 40
645909688 40
646204978 40
646399104 40
645481982 40
645486617 40
645539260 40
641732438 40
645397449 40
646158756 40
646167575 40
646002967 40
646248625 40
646320090 40
646021218 40
638981437 40
640591890 40
643134151 40
646044637 40
645489166 40
645689995 40
645745426 40
646348985 40
646381566 40
638718354 40
638482092 40
637962404 40
643203432 40
644227151 40
646224455 40
646242640 40
646093474 40
645716378 40
644957783 40
646322268 40
638594288 40
645668720 40
645928756 40
646066447 40
646275385 40
645647371 40
644657680 40
646017370 40
645461247 40
645305325 40
644016837 40
643030230 40
643090378 40
644952981 40
645605214 40
646281468 40
645829466 40
645983034 40
645886798 40
646093457 40
644943071 40
645315777 40
645356006 40
642150632 40
638823237 40
638695589 40
638470263 40
646083482 40
646160174 40
646037039 40
645625775 40
645723649 40
645526703 40
645674466 40
645663635 40
645333293 40
646207475 40
646224394 40
639529755 40
639991021 40
643738676 40
644163176 40
640008657 40
644741729 40
640166217 40
642235175 40
639735642 40
641307893 40
640625149 40
639994196 40
640050083 40
640008741 40
638864301 40
641515692 40
643885618 40
638838101 40
638956237 40
639420750 40
640756079 40
641107492 40
641108306 40
644637224 40
639713559 40
644591988 40
642280364 40
644019039 40
644262306 40
638313496 40
638233473 40
637861419 40
638579286 40
638432969 40
639420221 40
641777030 40
639456083 40
639584845 40
641189379 40
640976296 40
641264382 40
638207697 40
637967451 40
639024037 40
638745489 40
642852126 40
642881709 40
643632404 40
643690584 40
644284874 40
639994159 40
644167565 40
638475119 40
643134174 40
642256410 40
642340916 40
638510178 40
638538283 40
638886169 40
640367558 40
639673680 40
643969849 40
643507344 40
644368491 40
644217378 40
644026456 40
642962311 40
642841418 40
641411866 40
642959701 40
643154805 40
643917544 40
644451151 40
644327847 40
644715084 40
644592892 40
644697809 40
644783945 40
644307113 40
644388893 40
644481936 40
643948759 40
644024030 40
644017745 40
643737223 40
643854155 40
643860873 40
642217730 40
642335329 40
642285496 40
643155095 40
643093159 40
642964660 40
643443507 40
643456082 40
643630671 40
643692416 40
643686741 40
641561665 40
644911477 40
643916836 40
643849794 40
643581849 40
641532334 40
644713420 40
643929236 40
643506765 40
643390818 40
644084442 40
644541433 40
644039185 40
643819246 40
643771762 40
642964059 40
643642691 40
643514365 40
642153891 40
642150137 40
642084358 40
642086035 40
641741760 40
644894452 40
642014487 40
644321559 40
644490952 40
643992873 40
643931728 40
643898691 40
643810302 40
643835224 40
644201505 40
642900443 40
642900806 40
643476518 40
643450717 40
643652007 40
643643349 40
643634891 40
643648406 40
641670248 40
644821783 40
644839018 40
644859415 40
643288613 40
644250929 40
643934057 40
644482643 40
644299700 40
644415505 40
641502449 40
643064081 40
643046985 40
642255275 40
643334772 40
644194649 40
643700145 40
644353889 40
641451340 40
644825042 40
641577216 40
641672363 40
643178216 40
643545797 40
644053108 40
643537761 40
641919148 40
643957485 40
643976293 40
643432058 40
644860788 40
643437122 40
641472701 40
644196502 40
643541170 40
643460449 40
644284603 40
643231977 40
642830038 40
643454225 40
641614267 40
641744249 40
642020503 40
641870992 40
644393195 40
644041307 40
644251282 40
644849424 40
643784774 40
642361227 40
643711522 40
642158923 40
641919060 40
641451422 40
641612540 40
641613690 40
644891735 40
643929528 40
643859877 40
643217219 40
643663024 40
644824081 40
641485877 40
641471114 40
641444237 40
641577582 40
641812621 40
643611776 40
643498309 40
643363058 40
642179228 40
642873739 40
644024261 40
644538063 40
644322555 40
644062021 40
643131266 40
643484531 40
644419097 40
644328295 40
644157071 40
642112243 40
643772191 40
644062952 40
644333752 40
644766512 40
643999250 40
644203619 40
642818475 40
643232288 40
643337044 40
642118540 40
643516088 40
642974559 40
644525417 39
644334212 39
644377343 37
644026696 36
640042854 35
644646062 35
642416403 35
644270281 35
644819687 35
639313737 34
644694056 32
644219696 32
196993159 31
644643780 31
644589214 30
644491827 29
644834343 28
644831510 28
556570894 27
644128129 26
644546372 26
646136490 25
641994031 25
644227721 25
641635068 25
644340591 25
644643171 25
644313323 25
644565282 25
638127607 24
644904290 24
644568759 24
643646597 24
645761356 23
644786434 23
644463519 23
644392467 23
644487637 22
644373719 22
644775339 21
644434862 21
644467989 21
644580173 21
644132015 21
644707795 21
644473571 21
337983069 20
530000097 20
578317029 20
575560154 20
520789427 20
121562576 20
107301822 20
293907572 20
296692083 20
232679928 20
646081328 20
645798973 20
645384444 20
641160025 20
645387053 20
645318456 20
645226264 20
640606491 20
645792996 20
645753864 20
646170378 20
646336386 20
645371347 20
642088635 20
642231925 20
644024668 20
645926338 20
645973555 20
645315696 20
645419755 20
646180643 20
646084901 20
645346293 20
644985390 20
646083884 20
645601080 20
645603683 20
645518626 20
645433544 20
645829938 20
646033458 20
645480438 20
645343451 20
645314791 20
638769025 20
646350469 20
646124417 20
646184373 20
646172562 20
645937180 20
644960340 20
646189965 20
646295478 20
646187871 20
645658081 20
645710685 20
638740018 20
645741802 20
645756673 20
645958503 20
645614426 20
645526462 20
645693626 20
645644586 20
645366010 20
645931903 20
646199173 20
646324204 20
646336120 20
646251937 20
646309097 20
639549068 20
641236836 20
646244405 20
646360942 20
646334517 20
646318933 20
646189999 20
645355989 20
645394288 20
645306014 20
645117265 20
645697986 20
645383927 20
645730218 20
642021352 20
645520546 20
645304593 20
639290956 20
644183839 20
645809958 20
646030739 20
646379332 20
646369624 20
646217951 20
645651353 20
645505345 20
646121065 20
644171759 20
646025059 20
645945608 20
645941236 20
646067622 20
646195905 20
646399166 20
645644797 20
639017197 20
641593304 20
644041256 20
643865046 20
645284934 20
645153785 20
645237641 20
645035852 20
645339823 20
645464437 20
646266282 20
645977210 20
646180759 20
645881000 20
646364478 20
645937891 20
645744628 20
646177961 20
646164298 20
646063900 20
646037848 20
646205249 20
645333033 20
645674916 20
645639956 20
645490644 20
645560086 20
641823415 20
640416237 20
642156746 20
644471172 20
643713221 20
646238961 20
645563151 20
645684923 20
641823240 20
644402380 20
646262195 20
645760156 20
645541557 20
645539010 20
645605376 20
645616357 20
645716849 20
645679797 20
645658503 20
645303340 20
645359319 20
645380899 20
645385998 20
645395470 20
645897645 20
645964575 20
645973344 20
646178444 20
646077152 20
646088975 20
646118791 20
642802546 20
643351417 20
641824609 20
639691474 20
640122558 20
638255703 20
638756964 20
640078943 20
641999269 20
637861716 20
639024007 20
639664729 20
641201763 20
640607086 20
640401873 20
643461667 20
639546297 20
638744195 20
637790772 20
644915020 20
642878357 20
643740720 20
641045609 20
641310790 20
640696810 20
641991731 20
643393856 20
643984647 20
644560967 20
641871465 20
643321180 20
643494688 20
640718558 20
638844364 20
642316282 20
643576657 20
638499034 20
640400368 20
640313629 20
641175911 20
642053067 20
644600848 20
644356451 20
644282367 20
644846664 20
639990562 20
638343399 20
643171209 20
644431509 20
639894188 20
638754917 20
638838417 20
640115580 20
639034017 20
640755417 20
641916093 20
643046504 20
642866388 20
642840677 20
642842194 20
643599242 20
643443078 20
644793029 20
643841853 20
643749869 20
643790053 20
643288804 20
638841125 20
643754320 20
638072471 20
643702207 20
638769802 20
642337507 20
642365653 20
643564465 20
643647989 20
641873969 20
641935348 20
641978284 20
638093563 20
637903069 20
638227005 20
638071454 20
640116641 20
639992981 20
641153921 20
640872186 20
637817529 20
637906288 20
643865918 20
641160077 20
637984874 20
638324115 20
644392079 20
642025017 20
641714117 20
641694189 20
641520156 20
641527243 20
639890325 20
638994033 20
639050665 20
639849979 20
639753034 20
639637954 20
640465499 20
640416323 20
640739019 20
640565768 20
640827535 20
640848495 20
641105392 20
638056357 20
639062676 20
639103185 20
639183454 20
639185529 20
638883940 20
638388001 20
638538737 20
643065047 20
643092707 20
642154899 20
643417328 20
644288638 20
644759546 20
644682747 20
644236600 20
644155854 20
643993323 20
644860816 20
644902303 20
640974895 20
644919011 20
644861014 20
639789389 20
640076308 20
640388247 20
641600124 20
643996962 20
643376917 20
642286624 20
638555756 20
639023720 20
638839284 20
640189544 20
639059421 20
640739704 20
641201346 20
641631256 20
644625772 20
644415600 20
644165806 20
643965052 20
643700605 20
643859976 20
643693579 20
643484180 20
644723153 20
644482866 20
644070621 20
644079434 20
644006018 20
643487465 20
643377205 20
643699365 20
642794539 20
642328478 20
642334767 20
643063611 20
642980201 20
641486130 20
641463391 20
642086006 20
643368085 20
644214539 20
643641728 20
643553090 20
643554931 20
643392919 20
643438483 20
642830285 20
643259983 20
643784639 20
644085688 20
643988625 20
644583682 20
644639243 20
644047711 20
643912667 20
644234480 20
644102466 20
644166650 20
642362433 20
642362396 20
643232308 20
643178312 20
643131577 20
642894594 20
643534752 20
643554044 20
641658730 20
641727471 20
641756894 20
641520136 20
641598097 20
641486887 20
641812313 20
641832493 20
644889470 20
644859061 20
643532784 20
643768505 20
644116007 20
644105857 20
644791419 20
644756371 20
644560142 20
644328255 20
642899332 20
641752352 20
644518866 20
644257709 20
643928967 20
641998904 20
642129370 20
644886527 20
643979016 20
644626888 20
644051336 20
644023580 20
643889662 20
643705567 20
642790375 20
643022847 20
643000248 20
643670406 20
643611676 20
643513338 20
642026577 20
641775966 20
641616685 20
641620919 20
641695676 20
644846003 20
644839557 20
644560396 20
644539448 20
644549399 20
644315910 20
644307334 20
644006558 20
643712104 20
643712325 20
643883232 20
643884601 20
644077652 20
644096499 20
644231858 20
643154274 20
643168208 20
642282246 20
642225476 20
642867140 20
643371542 20
643484847 20
643545121 20
641984615 20
641511094 20
644893129 20
641742544 20
641805803 20
642024212 20
643019927 20
643903288 20
643705494 20
644063654 20
644322101 20
641874487 20
641725940 20
643031102 20
642899171 20
642158195 20
643478886 20
643542747 20
643948791 20
643835951 20
644162566 20
644141532 20
644181995 20
644202934 20
644258280 20
644124293 20
643842307 20
643793696 20
643736888 20
643736523 20
643930889 20
644496859 20
644480967 20
644352189 20
644382102 20
643609021 20
643648389 20
643421438 20
643385859 20
643391761 20
642233235 20
642825641 20
642790580 20
643144080 20
643044863 20
642120830 20
642022312 20
641787303 20
641919599 20
642992250 20
643278409 20
